<?xml version="1.0" encoding="UTF-8"?>
<testng-results ignored="0" total="2" passed="2" failed="0" skipped="0">
  <reporter-output>
  </reporter-output>
  <suite started-at="2025-04-26T02:20:00 IST" name="Suite" finished-at="2025-04-26T02:20:23 IST" duration-ms="23494">
    <groups>
      <group name="regression">
        <method signature="TC_Login.accountLogin()[pri:0, instance:testCases.TC_Login@6ccdb29f]" name="accountLogin" class="testCases.TC_Login"/>
      </group> <!-- regression -->
      <group name="sanity">
        <method signature="TC_Registration.accountRegistration()[pri:0, instance:testCases.TC_Registration@141e5bef]" name="accountRegistration" class="testCases.TC_Registration"/>
      </group> <!-- sanity -->
      <group name="master">
        <method signature="TC_Login.accountLogin()[pri:0, instance:testCases.TC_Login@6ccdb29f]" name="accountLogin" class="testCases.TC_Login"/>
        <method signature="TC_Registration.accountRegistration()[pri:0, instance:testCases.TC_Registration@141e5bef]" name="accountRegistration" class="testCases.TC_Registration"/>
      </group> <!-- master -->
    </groups>
    <test started-at="2025-04-26T02:20:00 IST" name="Test" finished-at="2025-04-26T02:20:23 IST" duration-ms="23494">
      <class name="testCases.TC_Registration">
        <test-method is-config="true" signature="setUp(java.lang.String,java.lang.String)[pri:0, instance:testCases.TC_Registration@141e5bef]" started-at="2025-04-26T02:20:00 IST" name="setUp" finished-at="2025-04-26T02:20:04 IST" duration-ms="4171" status="PASS">
          <params>
            <param index="0">
              <value>
                <![CDATA[Windows]]>
              </value>
            </param>
            <param index="1">
              <value>
                <![CDATA[chrome]]>
              </value>
            </param>
          </params>
          <reporter-output>
          </reporter-output>
        </test-method> <!-- setUp -->
        <test-method signature="accountRegistration()[pri:0, instance:testCases.TC_Registration@141e5bef]" started-at="2025-04-26T02:20:04 IST" name="accountRegistration" finished-at="2025-04-26T02:20:06 IST" duration-ms="2373" status="PASS">
          <reporter-output>
          </reporter-output>
        </test-method> <!-- accountRegistration -->
        <test-method is-config="true" signature="tearDown()[pri:0, instance:testCases.TC_Registration@141e5bef]" started-at="2025-04-26T02:20:07 IST" name="tearDown" finished-at="2025-04-26T02:20:12 IST" duration-ms="5827" status="PASS">
          <reporter-output>
          </reporter-output>
        </test-method> <!-- tearDown -->
      </class> <!-- testCases.TC_Registration -->
      <class name="testCases.TC_Login">
        <test-method is-config="true" signature="setUp(java.lang.String,java.lang.String)[pri:0, instance:testCases.TC_Login@6ccdb29f]" started-at="2025-04-26T02:20:12 IST" name="setUp" finished-at="2025-04-26T02:20:16 IST" duration-ms="3308" status="PASS">
          <params>
            <param index="0">
              <value>
                <![CDATA[Windows]]>
              </value>
            </param>
            <param index="1">
              <value>
                <![CDATA[chrome]]>
              </value>
            </param>
          </params>
          <reporter-output>
          </reporter-output>
        </test-method> <!-- setUp -->
        <test-method signature="accountLogin()[pri:0, instance:testCases.TC_Login@6ccdb29f]" started-at="2025-04-26T02:20:16 IST" name="accountLogin" finished-at="2025-04-26T02:20:17 IST" duration-ms="1768" status="PASS">
          <reporter-output>
          </reporter-output>
        </test-method> <!-- accountLogin -->
        <test-method is-config="true" signature="tearDown()[pri:0, instance:testCases.TC_Login@6ccdb29f]" started-at="2025-04-26T02:20:17 IST" name="tearDown" finished-at="2025-04-26T02:20:23 IST" duration-ms="5632" status="PASS">
          <reporter-output>
          </reporter-output>
        </test-method> <!-- tearDown -->
      </class> <!-- testCases.TC_Login -->
    </test> <!-- Test -->
  </suite> <!-- Suite -->
</testng-results>
